<?xml version="1.0" encoding="UTF-8"?>
<testng-results skipped="0" failed="0" ignored="0" total="2" passed="2">
  <reporter-output>
  </reporter-output>
  <suite name="Default suite" duration-ms="8634" started-at="2019-02-02T10:17:36Z" finished-at="2019-02-02T10:17:44Z">
    <groups>
    </groups>
    <test name="Default test" duration-ms="8634" started-at="2019-02-02T10:17:36Z" finished-at="2019-02-02T10:17:44Z">
      <class name="saurav.test.Demo1">
        <test-method status="PASS" signature="f()[pri:0, instance:saurav.test.Demo1@6d00a15d]" name="f" duration-ms="10" started-at="2019-02-02T10:17:36Z" finished-at="2019-02-02T10:17:36Z">
          <reporter-output>
          </reporter-output>
        </test-method> <!-- f -->
        <test-method status="PASS" signature="verifyHomepageTitle()[pri:0, instance:saurav.test.Demo1@6d00a15d]" name="verifyHomepageTitle" duration-ms="8592" started-at="2019-02-02T10:17:36Z" finished-at="2019-02-02T10:17:44Z">
          <reporter-output>
          </reporter-output>
        </test-method> <!-- verifyHomepageTitle -->
      </class> <!-- saurav.test.Demo1 -->
    </test> <!-- Default test -->
  </suite> <!-- Default suite -->
</testng-results>
